<?xml version="1.0" encoding="UTF-8"?>
<testng-results ignored="0" total="1" passed="1" failed="0" skipped="0">
  <reporter-output>
  </reporter-output>
  <suite started-at="2025-04-09T23:47:28 IST" name="Default suite" finished-at="2025-04-09T23:47:35 IST" duration-ms="7461">
    <groups>
    </groups>
    <test started-at="2025-04-09T23:47:28 IST" name="Default test" finished-at="2025-04-09T23:47:35 IST" duration-ms="7461">
      <class name="testscripts.search.TestSearch">
        <test-method is-config="true" signature="setUp()[pri:0, instance:testscripts.search.TestSearch@21282ed8]" started-at="2025-04-09T23:47:28 IST" name="setUp" finished-at="2025-04-09T23:47:32 IST" duration-ms="3951" status="PASS">
          <reporter-output>
          </reporter-output>
        </test-method> <!-- setUp -->
        <test-method is-config="true" signature="LoginintoApplication()[pri:0, instance:testscripts.search.TestSearch@21282ed8]" started-at="2025-04-09T23:47:32 IST" name="LoginintoApplication" finished-at="2025-04-09T23:47:32 IST" duration-ms="1" status="PASS">
          <reporter-output>
          </reporter-output>
        </test-method> <!-- LoginintoApplication -->
        <test-method signature="TestSearch()[pri:0, instance:testscripts.search.TestSearch@21282ed8]" started-at="2025-04-09T23:47:32 IST" name="TestSearch" finished-at="2025-04-09T23:47:35 IST" duration-ms="3277" status="PASS">
          <reporter-output>
          </reporter-output>
        </test-method> <!-- TestSearch -->
        <test-method is-config="true" signature="logoutFromApplication()[pri:0, instance:testscripts.search.TestSearch@21282ed8]" started-at="2025-04-09T23:47:35 IST" name="logoutFromApplication" finished-at="2025-04-09T23:47:35 IST" duration-ms="0" status="PASS">
          <reporter-output>
          </reporter-output>
        </test-method> <!-- logoutFromApplication -->
        <test-method is-config="true" signature="tearDown()[pri:0, instance:testscripts.search.TestSearch@21282ed8]" started-at="2025-04-09T23:47:35 IST" name="tearDown" finished-at="2025-04-09T23:47:35 IST" duration-ms="209" status="PASS">
          <reporter-output>
          </reporter-output>
        </test-method> <!-- tearDown -->
      </class> <!-- testscripts.search.TestSearch -->
    </test> <!-- Default test -->
  </suite> <!-- Default suite -->
</testng-results>
